ARM GAS  /tmp/cce8qMbZ.s 			page 1


   1              		.cpu cortex-m33
   2              		.arch armv8-m.main
   3              		.fpu fpv4-sp-d16
   4              		.arch_extension dsp
   5              		.eabi_attribute 27, 1
   6              		.eabi_attribute 28, 1
   7              		.eabi_attribute 20, 1
   8              		.eabi_attribute 21, 1
   9              		.eabi_attribute 23, 3
  10              		.eabi_attribute 24, 1
  11              		.eabi_attribute 25, 1
  12              		.eabi_attribute 26, 1
  13              		.eabi_attribute 30, 1
  14              		.eabi_attribute 34, 1
  15              		.eabi_attribute 18, 4
  16              		.file	"gpio.c"
  17              		.text
  18              	.Ltext0:
  19              		.cfi_sections	.debug_frame
  20              		.file 1 "Core/Src/gpio.c"
  21              		.section	.text.MX_GPIO_Init,"ax",%progbits
  22              		.align	1
  23              		.global	MX_GPIO_Init
  24              		.syntax unified
  25              		.thumb
  26              		.thumb_func
  28              	MX_GPIO_Init:
  29              	.LFB157:
   1:Core/Src/gpio.c **** /* USER CODE BEGIN Header */
   2:Core/Src/gpio.c **** /**
   3:Core/Src/gpio.c ****   ******************************************************************************
   4:Core/Src/gpio.c ****   * @file    gpio.c
   5:Core/Src/gpio.c ****   * @brief   This file provides code for the configuration
   6:Core/Src/gpio.c ****   *          of all used GPIO pins.
   7:Core/Src/gpio.c ****   ******************************************************************************
   8:Core/Src/gpio.c ****   * @attention
   9:Core/Src/gpio.c ****   *
  10:Core/Src/gpio.c ****   * Copyright (c) 2024 STMicroelectronics.
  11:Core/Src/gpio.c ****   * All rights reserved.
  12:Core/Src/gpio.c ****   *
  13:Core/Src/gpio.c ****   * This software is licensed under terms that can be found in the LICENSE file
  14:Core/Src/gpio.c ****   * in the root directory of this software component.
  15:Core/Src/gpio.c ****   * If no LICENSE file comes with this software, it is provided AS-IS.
  16:Core/Src/gpio.c ****   *
  17:Core/Src/gpio.c ****   ******************************************************************************
  18:Core/Src/gpio.c ****   */
  19:Core/Src/gpio.c **** /* USER CODE END Header */
  20:Core/Src/gpio.c **** 
  21:Core/Src/gpio.c **** /* Includes ------------------------------------------------------------------*/
  22:Core/Src/gpio.c **** #include "gpio.h"
  23:Core/Src/gpio.c **** 
  24:Core/Src/gpio.c **** /* USER CODE BEGIN 0 */
  25:Core/Src/gpio.c **** 
  26:Core/Src/gpio.c **** /* USER CODE END 0 */
  27:Core/Src/gpio.c **** 
  28:Core/Src/gpio.c **** /*----------------------------------------------------------------------------*/
  29:Core/Src/gpio.c **** /* Configure GPIO                                                             */
ARM GAS  /tmp/cce8qMbZ.s 			page 2


  30:Core/Src/gpio.c **** /*----------------------------------------------------------------------------*/
  31:Core/Src/gpio.c **** /* USER CODE BEGIN 1 */
  32:Core/Src/gpio.c **** 
  33:Core/Src/gpio.c **** /* USER CODE END 1 */
  34:Core/Src/gpio.c **** 
  35:Core/Src/gpio.c **** /** Configure pins
  36:Core/Src/gpio.c ****      PC14-OSC32_IN (PC14)   ------> RCC_OSC32_IN
  37:Core/Src/gpio.c ****      PC15-OSC32_OUT (PC15)   ------> RCC_OSC32_OUT
  38:Core/Src/gpio.c ****      PH0-OSC_IN (PH0)   ------> RCC_OSC_IN
  39:Core/Src/gpio.c ****      PH1-OSC_OUT (PH1)   ------> RCC_OSC_OUT
  40:Core/Src/gpio.c ****      PC2   ------> ADC1_IN3
  41:Core/Src/gpio.c ****      PB15   ------> UCPD1_CC2
  42:Core/Src/gpio.c ****      PA11   ------> USB_OTG_FS_DM
  43:Core/Src/gpio.c ****      PA12   ------> USB_OTG_FS_DP
  44:Core/Src/gpio.c ****      PA13 (JTMS/SWDIO)   ------> DEBUG_JTMS-SWDIO
  45:Core/Src/gpio.c ****      PA14 (JTCK/SWCLK)   ------> DEBUG_JTCK-SWCLK
  46:Core/Src/gpio.c ****      PA15 (JTDI)   ------> UCPD1_CC1
  47:Core/Src/gpio.c ****      PB3 (JTDO/TRACESWO)   ------> DEBUG_JTDO-SWO
  48:Core/Src/gpio.c **** */
  49:Core/Src/gpio.c **** void MX_GPIO_Init(void)
  50:Core/Src/gpio.c **** {
  30              		.loc 1 50 1 view -0
  31              		.cfi_startproc
  32              		@ args = 0, pretend = 0, frame = 40
  33              		@ frame_needed = 0, uses_anonymous_args = 0
  34 0000 2DE9F047 		push	{r4, r5, r6, r7, r8, r9, r10, lr}
  35              	.LCFI0:
  36              		.cfi_def_cfa_offset 32
  37              		.cfi_offset 4, -32
  38              		.cfi_offset 5, -28
  39              		.cfi_offset 6, -24
  40              		.cfi_offset 7, -20
  41              		.cfi_offset 8, -16
  42              		.cfi_offset 9, -12
  43              		.cfi_offset 10, -8
  44              		.cfi_offset 14, -4
  45 0004 8AB0     		sub	sp, sp, #40
  46              	.LCFI1:
  47              		.cfi_def_cfa_offset 72
  51:Core/Src/gpio.c **** 
  52:Core/Src/gpio.c ****   GPIO_InitTypeDef GPIO_InitStruct = {0};
  48              		.loc 1 52 3 view .LVU1
  49              		.loc 1 52 20 is_stmt 0 view .LVU2
  50 0006 0024     		movs	r4, #0
  51 0008 0594     		str	r4, [sp, #20]
  52 000a 0694     		str	r4, [sp, #24]
  53 000c 0794     		str	r4, [sp, #28]
  54 000e 0894     		str	r4, [sp, #32]
  55 0010 0994     		str	r4, [sp, #36]
  53:Core/Src/gpio.c **** 
  54:Core/Src/gpio.c ****   /* GPIO Ports Clock Enable */
  55:Core/Src/gpio.c ****   __HAL_RCC_GPIOC_CLK_ENABLE();
  56              		.loc 1 55 3 is_stmt 1 view .LVU3
  57              	.LBB2:
  58              		.loc 1 55 3 view .LVU4
  59              		.loc 1 55 3 view .LVU5
  60 0012 574B     		ldr	r3, .L3
ARM GAS  /tmp/cce8qMbZ.s 			page 3


  61 0014 D3F88C20 		ldr	r2, [r3, #140]
  62 0018 42F00402 		orr	r2, r2, #4
  63 001c C3F88C20 		str	r2, [r3, #140]
  64              		.loc 1 55 3 view .LVU6
  65 0020 D3F88C20 		ldr	r2, [r3, #140]
  66 0024 02F00402 		and	r2, r2, #4
  67 0028 0092     		str	r2, [sp]
  68              		.loc 1 55 3 view .LVU7
  69 002a 009A     		ldr	r2, [sp]
  70              	.LBE2:
  71              		.loc 1 55 3 view .LVU8
  56:Core/Src/gpio.c ****   __HAL_RCC_GPIOH_CLK_ENABLE();
  72              		.loc 1 56 3 view .LVU9
  73              	.LBB3:
  74              		.loc 1 56 3 view .LVU10
  75              		.loc 1 56 3 view .LVU11
  76 002c D3F88C20 		ldr	r2, [r3, #140]
  77 0030 42F08002 		orr	r2, r2, #128
  78 0034 C3F88C20 		str	r2, [r3, #140]
  79              		.loc 1 56 3 view .LVU12
  80 0038 D3F88C20 		ldr	r2, [r3, #140]
  81 003c 02F08002 		and	r2, r2, #128
  82 0040 0192     		str	r2, [sp, #4]
  83              		.loc 1 56 3 view .LVU13
  84 0042 019A     		ldr	r2, [sp, #4]
  85              	.LBE3:
  86              		.loc 1 56 3 view .LVU14
  57:Core/Src/gpio.c ****   __HAL_RCC_GPIOB_CLK_ENABLE();
  87              		.loc 1 57 3 view .LVU15
  88              	.LBB4:
  89              		.loc 1 57 3 view .LVU16
  90              		.loc 1 57 3 view .LVU17
  91 0044 D3F88C20 		ldr	r2, [r3, #140]
  92 0048 42F00202 		orr	r2, r2, #2
  93 004c C3F88C20 		str	r2, [r3, #140]
  94              		.loc 1 57 3 view .LVU18
  95 0050 D3F88C20 		ldr	r2, [r3, #140]
  96 0054 02F00202 		and	r2, r2, #2
  97 0058 0292     		str	r2, [sp, #8]
  98              		.loc 1 57 3 view .LVU19
  99 005a 029A     		ldr	r2, [sp, #8]
 100              	.LBE4:
 101              		.loc 1 57 3 view .LVU20
  58:Core/Src/gpio.c ****   __HAL_RCC_GPIOG_CLK_ENABLE();
 102              		.loc 1 58 3 view .LVU21
 103              	.LBB5:
 104              		.loc 1 58 3 view .LVU22
 105              		.loc 1 58 3 view .LVU23
 106 005c D3F88C20 		ldr	r2, [r3, #140]
 107 0060 42F04002 		orr	r2, r2, #64
 108 0064 C3F88C20 		str	r2, [r3, #140]
 109              		.loc 1 58 3 view .LVU24
 110 0068 D3F88C20 		ldr	r2, [r3, #140]
 111 006c 02F04002 		and	r2, r2, #64
 112 0070 0392     		str	r2, [sp, #12]
 113              		.loc 1 58 3 view .LVU25
 114 0072 039A     		ldr	r2, [sp, #12]
ARM GAS  /tmp/cce8qMbZ.s 			page 4


 115              	.LBE5:
 116              		.loc 1 58 3 view .LVU26
  59:Core/Src/gpio.c ****   __HAL_RCC_GPIOA_CLK_ENABLE();
 117              		.loc 1 59 3 view .LVU27
 118              	.LBB6:
 119              		.loc 1 59 3 view .LVU28
 120              		.loc 1 59 3 view .LVU29
 121 0074 D3F88C20 		ldr	r2, [r3, #140]
 122 0078 42F00102 		orr	r2, r2, #1
 123 007c C3F88C20 		str	r2, [r3, #140]
 124              		.loc 1 59 3 view .LVU30
 125 0080 D3F88C30 		ldr	r3, [r3, #140]
 126 0084 03F00103 		and	r3, r3, #1
 127 0088 0493     		str	r3, [sp, #16]
 128              		.loc 1 59 3 view .LVU31
 129 008a 049B     		ldr	r3, [sp, #16]
 130              	.LBE6:
 131              		.loc 1 59 3 view .LVU32
  60:Core/Src/gpio.c **** 
  61:Core/Src/gpio.c ****   /*Configure GPIO pin Output Level */
  62:Core/Src/gpio.c ****   HAL_GPIO_WritePin(LED_RED_GPIO_Port, LED_RED_Pin, GPIO_PIN_RESET);
 132              		.loc 1 62 3 view .LVU33
 133 008c DFF8F0A0 		ldr	r10, .L3+16
 134 0090 2246     		mov	r2, r4
 135 0092 0421     		movs	r1, #4
 136 0094 5046     		mov	r0, r10
 137 0096 FFF7FEFF 		bl	HAL_GPIO_WritePin
 138              	.LVL0:
  63:Core/Src/gpio.c **** 
  64:Core/Src/gpio.c ****   /*Configure GPIO pin Output Level */
  65:Core/Src/gpio.c ****   HAL_GPIO_WritePin(LED_GREEN_GPIO_Port, LED_GREEN_Pin, GPIO_PIN_RESET);
 139              		.loc 1 65 3 view .LVU34
 140 009a 364E     		ldr	r6, .L3+4
 141 009c 2246     		mov	r2, r4
 142 009e 8021     		movs	r1, #128
 143 00a0 3046     		mov	r0, r6
 144 00a2 FFF7FEFF 		bl	HAL_GPIO_WritePin
 145              	.LVL1:
  66:Core/Src/gpio.c **** 
  67:Core/Src/gpio.c ****   /*Configure GPIO pin Output Level */
  68:Core/Src/gpio.c ****   HAL_GPIO_WritePin(GPIOB, UCPD_DBn_Pin|LED_BLUE_Pin, GPIO_PIN_RESET);
 146              		.loc 1 68 3 view .LVU35
 147 00a6 344D     		ldr	r5, .L3+8
 148 00a8 2246     		mov	r2, r4
 149 00aa A021     		movs	r1, #160
 150 00ac 2846     		mov	r0, r5
 151 00ae FFF7FEFF 		bl	HAL_GPIO_WritePin
 152              	.LVL2:
  69:Core/Src/gpio.c **** 
  70:Core/Src/gpio.c ****   /*Configure GPIO pin : PtPin */
  71:Core/Src/gpio.c ****   GPIO_InitStruct.Pin = USER_BUTTON_Pin;
 153              		.loc 1 71 3 view .LVU36
 154              		.loc 1 71 23 is_stmt 0 view .LVU37
 155 00b2 4FF40053 		mov	r3, #8192
 156 00b6 0593     		str	r3, [sp, #20]
  72:Core/Src/gpio.c ****   GPIO_InitStruct.Mode = GPIO_MODE_IT_RISING;
 157              		.loc 1 72 3 is_stmt 1 view .LVU38
ARM GAS  /tmp/cce8qMbZ.s 			page 5


 158              		.loc 1 72 24 is_stmt 0 view .LVU39
 159 00b8 304B     		ldr	r3, .L3+12
 160 00ba 0693     		str	r3, [sp, #24]
  73:Core/Src/gpio.c ****   GPIO_InitStruct.Pull = GPIO_NOPULL;
 161              		.loc 1 73 3 is_stmt 1 view .LVU40
 162              		.loc 1 73 24 is_stmt 0 view .LVU41
 163 00bc 0794     		str	r4, [sp, #28]
  74:Core/Src/gpio.c ****   HAL_GPIO_Init(USER_BUTTON_GPIO_Port, &GPIO_InitStruct);
 164              		.loc 1 74 3 is_stmt 1 view .LVU42
 165 00be 05A9     		add	r1, sp, #20
 166 00c0 3046     		mov	r0, r6
 167 00c2 FFF7FEFF 		bl	HAL_GPIO_Init
 168              	.LVL3:
  75:Core/Src/gpio.c **** 
  76:Core/Src/gpio.c ****   /*Configure GPIO pin : PtPin */
  77:Core/Src/gpio.c ****   GPIO_InitStruct.Pin = VBUS_SENSE_Pin;
 169              		.loc 1 77 3 view .LVU43
 170              		.loc 1 77 23 is_stmt 0 view .LVU44
 171 00c6 0427     		movs	r7, #4
 172 00c8 0597     		str	r7, [sp, #20]
  78:Core/Src/gpio.c ****   GPIO_InitStruct.Mode = GPIO_MODE_ANALOG;
 173              		.loc 1 78 3 is_stmt 1 view .LVU45
 174              		.loc 1 78 24 is_stmt 0 view .LVU46
 175 00ca 4FF00308 		mov	r8, #3
 176 00ce CDF81880 		str	r8, [sp, #24]
  79:Core/Src/gpio.c ****   GPIO_InitStruct.Pull = GPIO_NOPULL;
 177              		.loc 1 79 3 is_stmt 1 view .LVU47
 178              		.loc 1 79 24 is_stmt 0 view .LVU48
 179 00d2 0794     		str	r4, [sp, #28]
  80:Core/Src/gpio.c ****   HAL_GPIO_Init(VBUS_SENSE_GPIO_Port, &GPIO_InitStruct);
 180              		.loc 1 80 3 is_stmt 1 view .LVU49
 181 00d4 05A9     		add	r1, sp, #20
 182 00d6 3046     		mov	r0, r6
 183 00d8 FFF7FEFF 		bl	HAL_GPIO_Init
 184              	.LVL4:
  81:Core/Src/gpio.c **** 
  82:Core/Src/gpio.c ****   /*Configure GPIO pin : PtPin */
  83:Core/Src/gpio.c ****   GPIO_InitStruct.Pin = UCPD_FLT_Pin;
 185              		.loc 1 83 3 view .LVU50
 186              		.loc 1 83 23 is_stmt 0 view .LVU51
 187 00dc 4FF48043 		mov	r3, #16384
 188 00e0 0593     		str	r3, [sp, #20]
  84:Core/Src/gpio.c ****   GPIO_InitStruct.Mode = GPIO_MODE_INPUT;
 189              		.loc 1 84 3 is_stmt 1 view .LVU52
 190              		.loc 1 84 24 is_stmt 0 view .LVU53
 191 00e2 0694     		str	r4, [sp, #24]
  85:Core/Src/gpio.c ****   GPIO_InitStruct.Pull = GPIO_NOPULL;
 192              		.loc 1 85 3 is_stmt 1 view .LVU54
 193              		.loc 1 85 24 is_stmt 0 view .LVU55
 194 00e4 0794     		str	r4, [sp, #28]
  86:Core/Src/gpio.c ****   HAL_GPIO_Init(UCPD_FLT_GPIO_Port, &GPIO_InitStruct);
 195              		.loc 1 86 3 is_stmt 1 view .LVU56
 196 00e6 05A9     		add	r1, sp, #20
 197 00e8 2846     		mov	r0, r5
 198 00ea FFF7FEFF 		bl	HAL_GPIO_Init
 199              	.LVL5:
  87:Core/Src/gpio.c **** 
ARM GAS  /tmp/cce8qMbZ.s 			page 6


  88:Core/Src/gpio.c ****   /*Configure GPIO pin : PB15 */
  89:Core/Src/gpio.c ****   GPIO_InitStruct.Pin = GPIO_PIN_15;
 200              		.loc 1 89 3 view .LVU57
 201              		.loc 1 89 23 is_stmt 0 view .LVU58
 202 00ee 4FF40049 		mov	r9, #32768
 203 00f2 CDF81490 		str	r9, [sp, #20]
  90:Core/Src/gpio.c ****   GPIO_InitStruct.Mode = GPIO_MODE_ANALOG;
 204              		.loc 1 90 3 is_stmt 1 view .LVU59
 205              		.loc 1 90 24 is_stmt 0 view .LVU60
 206 00f6 CDF81880 		str	r8, [sp, #24]
  91:Core/Src/gpio.c ****   GPIO_InitStruct.Pull = GPIO_NOPULL;
 207              		.loc 1 91 3 is_stmt 1 view .LVU61
 208              		.loc 1 91 24 is_stmt 0 view .LVU62
 209 00fa 0794     		str	r4, [sp, #28]
  92:Core/Src/gpio.c ****   HAL_GPIO_Init(GPIOB, &GPIO_InitStruct);
 210              		.loc 1 92 3 is_stmt 1 view .LVU63
 211 00fc 05A9     		add	r1, sp, #20
 212 00fe 2846     		mov	r0, r5
 213 0100 FFF7FEFF 		bl	HAL_GPIO_Init
 214              	.LVL6:
  93:Core/Src/gpio.c **** 
  94:Core/Src/gpio.c ****   /*Configure GPIO pin : PtPin */
  95:Core/Src/gpio.c ****   GPIO_InitStruct.Pin = LED_RED_Pin;
 215              		.loc 1 95 3 view .LVU64
 216              		.loc 1 95 23 is_stmt 0 view .LVU65
 217 0104 0597     		str	r7, [sp, #20]
  96:Core/Src/gpio.c ****   GPIO_InitStruct.Mode = GPIO_MODE_OUTPUT_PP;
 218              		.loc 1 96 3 is_stmt 1 view .LVU66
 219              		.loc 1 96 24 is_stmt 0 view .LVU67
 220 0106 0127     		movs	r7, #1
 221 0108 0697     		str	r7, [sp, #24]
  97:Core/Src/gpio.c ****   GPIO_InitStruct.Pull = GPIO_NOPULL;
 222              		.loc 1 97 3 is_stmt 1 view .LVU68
 223              		.loc 1 97 24 is_stmt 0 view .LVU69
 224 010a 0794     		str	r4, [sp, #28]
  98:Core/Src/gpio.c ****   GPIO_InitStruct.Speed = GPIO_SPEED_FREQ_LOW;
 225              		.loc 1 98 3 is_stmt 1 view .LVU70
 226              		.loc 1 98 25 is_stmt 0 view .LVU71
 227 010c 0894     		str	r4, [sp, #32]
  99:Core/Src/gpio.c ****   HAL_GPIO_Init(LED_RED_GPIO_Port, &GPIO_InitStruct);
 228              		.loc 1 99 3 is_stmt 1 view .LVU72
 229 010e 05A9     		add	r1, sp, #20
 230 0110 5046     		mov	r0, r10
 231 0112 FFF7FEFF 		bl	HAL_GPIO_Init
 232              	.LVL7:
 100:Core/Src/gpio.c **** 
 101:Core/Src/gpio.c ****   /*Configure GPIO pin : PtPin */
 102:Core/Src/gpio.c ****   GPIO_InitStruct.Pin = LED_GREEN_Pin;
 233              		.loc 1 102 3 view .LVU73
 234              		.loc 1 102 23 is_stmt 0 view .LVU74
 235 0116 8023     		movs	r3, #128
 236 0118 0593     		str	r3, [sp, #20]
 103:Core/Src/gpio.c ****   GPIO_InitStruct.Mode = GPIO_MODE_OUTPUT_PP;
 237              		.loc 1 103 3 is_stmt 1 view .LVU75
 238              		.loc 1 103 24 is_stmt 0 view .LVU76
 239 011a 0697     		str	r7, [sp, #24]
 104:Core/Src/gpio.c ****   GPIO_InitStruct.Pull = GPIO_NOPULL;
ARM GAS  /tmp/cce8qMbZ.s 			page 7


 240              		.loc 1 104 3 is_stmt 1 view .LVU77
 241              		.loc 1 104 24 is_stmt 0 view .LVU78
 242 011c 0794     		str	r4, [sp, #28]
 105:Core/Src/gpio.c ****   GPIO_InitStruct.Speed = GPIO_SPEED_FREQ_LOW;
 243              		.loc 1 105 3 is_stmt 1 view .LVU79
 244              		.loc 1 105 25 is_stmt 0 view .LVU80
 245 011e 0894     		str	r4, [sp, #32]
 106:Core/Src/gpio.c ****   HAL_GPIO_Init(LED_GREEN_GPIO_Port, &GPIO_InitStruct);
 246              		.loc 1 106 3 is_stmt 1 view .LVU81
 247 0120 05A9     		add	r1, sp, #20
 248 0122 3046     		mov	r0, r6
 249 0124 FFF7FEFF 		bl	HAL_GPIO_Init
 250              	.LVL8:
 107:Core/Src/gpio.c **** 
 108:Core/Src/gpio.c ****   /*Configure GPIO pins : PA11 PA12 */
 109:Core/Src/gpio.c ****   GPIO_InitStruct.Pin = GPIO_PIN_11|GPIO_PIN_12;
 251              		.loc 1 109 3 view .LVU82
 252              		.loc 1 109 23 is_stmt 0 view .LVU83
 253 0128 4FF4C053 		mov	r3, #6144
 254 012c 0593     		str	r3, [sp, #20]
 110:Core/Src/gpio.c ****   GPIO_InitStruct.Mode = GPIO_MODE_AF_PP;
 255              		.loc 1 110 3 is_stmt 1 view .LVU84
 256              		.loc 1 110 24 is_stmt 0 view .LVU85
 257 012e 0223     		movs	r3, #2
 258 0130 0693     		str	r3, [sp, #24]
 111:Core/Src/gpio.c ****   GPIO_InitStruct.Pull = GPIO_NOPULL;
 259              		.loc 1 111 3 is_stmt 1 view .LVU86
 260              		.loc 1 111 24 is_stmt 0 view .LVU87
 261 0132 0794     		str	r4, [sp, #28]
 112:Core/Src/gpio.c ****   GPIO_InitStruct.Speed = GPIO_SPEED_FREQ_LOW;
 262              		.loc 1 112 3 is_stmt 1 view .LVU88
 263              		.loc 1 112 25 is_stmt 0 view .LVU89
 264 0134 0894     		str	r4, [sp, #32]
 113:Core/Src/gpio.c ****   GPIO_InitStruct.Alternate = GPIO_AF10_USB;
 265              		.loc 1 113 3 is_stmt 1 view .LVU90
 266              		.loc 1 113 29 is_stmt 0 view .LVU91
 267 0136 0A23     		movs	r3, #10
 268 0138 0993     		str	r3, [sp, #36]
 114:Core/Src/gpio.c ****   HAL_GPIO_Init(GPIOA, &GPIO_InitStruct);
 269              		.loc 1 114 3 is_stmt 1 view .LVU92
 270 013a A6F50066 		sub	r6, r6, #2048
 271 013e 05A9     		add	r1, sp, #20
 272 0140 3046     		mov	r0, r6
 273 0142 FFF7FEFF 		bl	HAL_GPIO_Init
 274              	.LVL9:
 115:Core/Src/gpio.c **** 
 116:Core/Src/gpio.c ****   /*Configure GPIO pin : PA15 */
 117:Core/Src/gpio.c ****   GPIO_InitStruct.Pin = GPIO_PIN_15;
 275              		.loc 1 117 3 view .LVU93
 276              		.loc 1 117 23 is_stmt 0 view .LVU94
 277 0146 CDF81490 		str	r9, [sp, #20]
 118:Core/Src/gpio.c ****   GPIO_InitStruct.Mode = GPIO_MODE_ANALOG;
 278              		.loc 1 118 3 is_stmt 1 view .LVU95
 279              		.loc 1 118 24 is_stmt 0 view .LVU96
 280 014a CDF81880 		str	r8, [sp, #24]
 119:Core/Src/gpio.c ****   GPIO_InitStruct.Pull = GPIO_NOPULL;
 281              		.loc 1 119 3 is_stmt 1 view .LVU97
ARM GAS  /tmp/cce8qMbZ.s 			page 8


 282              		.loc 1 119 24 is_stmt 0 view .LVU98
 283 014e 0794     		str	r4, [sp, #28]
 120:Core/Src/gpio.c ****   HAL_GPIO_Init(GPIOA, &GPIO_InitStruct);
 284              		.loc 1 120 3 is_stmt 1 view .LVU99
 285 0150 05A9     		add	r1, sp, #20
 286 0152 3046     		mov	r0, r6
 287 0154 FFF7FEFF 		bl	HAL_GPIO_Init
 288              	.LVL10:
 121:Core/Src/gpio.c **** 
 122:Core/Src/gpio.c ****   /*Configure GPIO pins : PBPin PBPin */
 123:Core/Src/gpio.c ****   GPIO_InitStruct.Pin = UCPD_DBn_Pin|LED_BLUE_Pin;
 289              		.loc 1 123 3 view .LVU100
 290              		.loc 1 123 23 is_stmt 0 view .LVU101
 291 0158 A023     		movs	r3, #160
 292 015a 0593     		str	r3, [sp, #20]
 124:Core/Src/gpio.c ****   GPIO_InitStruct.Mode = GPIO_MODE_OUTPUT_PP;
 293              		.loc 1 124 3 is_stmt 1 view .LVU102
 294              		.loc 1 124 24 is_stmt 0 view .LVU103
 295 015c 0697     		str	r7, [sp, #24]
 125:Core/Src/gpio.c ****   GPIO_InitStruct.Pull = GPIO_NOPULL;
 296              		.loc 1 125 3 is_stmt 1 view .LVU104
 297              		.loc 1 125 24 is_stmt 0 view .LVU105
 298 015e 0794     		str	r4, [sp, #28]
 126:Core/Src/gpio.c ****   GPIO_InitStruct.Speed = GPIO_SPEED_FREQ_LOW;
 299              		.loc 1 126 3 is_stmt 1 view .LVU106
 300              		.loc 1 126 25 is_stmt 0 view .LVU107
 301 0160 0894     		str	r4, [sp, #32]
 127:Core/Src/gpio.c ****   HAL_GPIO_Init(GPIOB, &GPIO_InitStruct);
 302              		.loc 1 127 3 is_stmt 1 view .LVU108
 303 0162 05A9     		add	r1, sp, #20
 304 0164 2846     		mov	r0, r5
 305 0166 FFF7FEFF 		bl	HAL_GPIO_Init
 306              	.LVL11:
 128:Core/Src/gpio.c **** 
 129:Core/Src/gpio.c **** }
 307              		.loc 1 129 1 is_stmt 0 view .LVU109
 308 016a 0AB0     		add	sp, sp, #40
 309              	.LCFI2:
 310              		.cfi_def_cfa_offset 32
 311              		@ sp needed
 312 016c BDE8F087 		pop	{r4, r5, r6, r7, r8, r9, r10, pc}
 313              	.L4:
 314              		.align	2
 315              	.L3:
 316 0170 000C0246 		.word	1174539264
 317 0174 00080242 		.word	1107429376
 318 0178 00040242 		.word	1107428352
 319 017c 00001110 		.word	269549568
 320 0180 00180242 		.word	1107433472
 321              		.cfi_endproc
 322              	.LFE157:
 324              		.text
 325              	.Letext0:
 326              		.file 2 "/opt/st/stm32cubeide_1.16.0/plugins/com.st.stm32cube.ide.mcu.externaltools.gnu-tools-for-
 327              		.file 3 "/opt/st/stm32cubeide_1.16.0/plugins/com.st.stm32cube.ide.mcu.externaltools.gnu-tools-for-
 328              		.file 4 "Drivers/CMSIS/Device/ST/STM32U5xx/Include/stm32u575xx.h"
 329              		.file 5 "Drivers/STM32U5xx_HAL_Driver/Inc/stm32u5xx_hal_gpio.h"
ARM GAS  /tmp/cce8qMbZ.s 			page 9


ARM GAS  /tmp/cce8qMbZ.s 			page 10


DEFINED SYMBOLS
                            *ABS*:00000000 gpio.c
     /tmp/cce8qMbZ.s:22     .text.MX_GPIO_Init:00000000 $t
     /tmp/cce8qMbZ.s:28     .text.MX_GPIO_Init:00000000 MX_GPIO_Init
     /tmp/cce8qMbZ.s:316    .text.MX_GPIO_Init:00000170 $d

UNDEFINED SYMBOLS
HAL_GPIO_WritePin
HAL_GPIO_Init
