ARM GAS  /tmp/ccSnZ2kA.s 			page 1


   1              		.cpu cortex-m33
   2              		.arch armv8-m.main
   3              		.fpu fpv4-sp-d16
   4              		.arch_extension dsp
   5              		.eabi_attribute 27, 1
   6              		.eabi_attribute 28, 1
   7              		.eabi_attribute 20, 1
   8              		.eabi_attribute 21, 1
   9              		.eabi_attribute 23, 3
  10              		.eabi_attribute 24, 1
  11              		.eabi_attribute 25, 1
  12              		.eabi_attribute 26, 1
  13              		.eabi_attribute 30, 1
  14              		.eabi_attribute 34, 1
  15              		.eabi_attribute 18, 4
  16              		.file	"stm32u5xx_hal_msp.c"
  17              		.text
  18              	.Ltext0:
  19              		.cfi_sections	.debug_frame
  20              		.file 1 "Core/Src/stm32u5xx_hal_msp.c"
  21              		.section	.text.HAL_MspInit,"ax",%progbits
  22              		.align	1
  23              		.global	HAL_MspInit
  24              		.syntax unified
  25              		.thumb
  26              		.thumb_func
  28              	HAL_MspInit:
  29              	.LFB157:
   1:Core/Src/stm32u5xx_hal_msp.c **** 
   2:Core/Src/stm32u5xx_hal_msp.c **** /* USER CODE BEGIN Header */
   3:Core/Src/stm32u5xx_hal_msp.c **** /**
   4:Core/Src/stm32u5xx_hal_msp.c ****   ******************************************************************************
   5:Core/Src/stm32u5xx_hal_msp.c ****   * @file         stm32u5xx_hal_msp.c
   6:Core/Src/stm32u5xx_hal_msp.c ****   * @brief        This file provides code for the MSP Initialization
   7:Core/Src/stm32u5xx_hal_msp.c ****   *               and de-Initialization codes.
   8:Core/Src/stm32u5xx_hal_msp.c ****   ******************************************************************************
   9:Core/Src/stm32u5xx_hal_msp.c ****   * @attention
  10:Core/Src/stm32u5xx_hal_msp.c ****   *
  11:Core/Src/stm32u5xx_hal_msp.c ****   * Copyright (c) 2024 STMicroelectronics.
  12:Core/Src/stm32u5xx_hal_msp.c ****   * All rights reserved.
  13:Core/Src/stm32u5xx_hal_msp.c ****   *
  14:Core/Src/stm32u5xx_hal_msp.c ****   * This software is licensed under terms that can be found in the LICENSE file
  15:Core/Src/stm32u5xx_hal_msp.c ****   * in the root directory of this software component.
  16:Core/Src/stm32u5xx_hal_msp.c ****   * If no LICENSE file comes with this software, it is provided AS-IS.
  17:Core/Src/stm32u5xx_hal_msp.c ****   *
  18:Core/Src/stm32u5xx_hal_msp.c ****   ******************************************************************************
  19:Core/Src/stm32u5xx_hal_msp.c ****   */
  20:Core/Src/stm32u5xx_hal_msp.c **** /* USER CODE END Header */
  21:Core/Src/stm32u5xx_hal_msp.c **** 
  22:Core/Src/stm32u5xx_hal_msp.c **** /* Includes ------------------------------------------------------------------*/
  23:Core/Src/stm32u5xx_hal_msp.c **** #include "main.h"
  24:Core/Src/stm32u5xx_hal_msp.c **** /* USER CODE BEGIN Includes */
  25:Core/Src/stm32u5xx_hal_msp.c **** 
  26:Core/Src/stm32u5xx_hal_msp.c **** /* USER CODE END Includes */
  27:Core/Src/stm32u5xx_hal_msp.c **** 
  28:Core/Src/stm32u5xx_hal_msp.c **** /* Private typedef -----------------------------------------------------------*/
  29:Core/Src/stm32u5xx_hal_msp.c **** /* USER CODE BEGIN TD */
ARM GAS  /tmp/ccSnZ2kA.s 			page 2


  30:Core/Src/stm32u5xx_hal_msp.c **** 
  31:Core/Src/stm32u5xx_hal_msp.c **** /* USER CODE END TD */
  32:Core/Src/stm32u5xx_hal_msp.c **** 
  33:Core/Src/stm32u5xx_hal_msp.c **** /* Private define ------------------------------------------------------------*/
  34:Core/Src/stm32u5xx_hal_msp.c **** /* USER CODE BEGIN Define */
  35:Core/Src/stm32u5xx_hal_msp.c **** 
  36:Core/Src/stm32u5xx_hal_msp.c **** /* USER CODE END Define */
  37:Core/Src/stm32u5xx_hal_msp.c **** 
  38:Core/Src/stm32u5xx_hal_msp.c **** /* Private macro -------------------------------------------------------------*/
  39:Core/Src/stm32u5xx_hal_msp.c **** /* USER CODE BEGIN Macro */
  40:Core/Src/stm32u5xx_hal_msp.c **** 
  41:Core/Src/stm32u5xx_hal_msp.c **** /* USER CODE END Macro */
  42:Core/Src/stm32u5xx_hal_msp.c **** 
  43:Core/Src/stm32u5xx_hal_msp.c **** /* Private variables ---------------------------------------------------------*/
  44:Core/Src/stm32u5xx_hal_msp.c **** /* USER CODE BEGIN PV */
  45:Core/Src/stm32u5xx_hal_msp.c **** 
  46:Core/Src/stm32u5xx_hal_msp.c **** /* USER CODE END PV */
  47:Core/Src/stm32u5xx_hal_msp.c **** 
  48:Core/Src/stm32u5xx_hal_msp.c **** /* Private function prototypes -----------------------------------------------*/
  49:Core/Src/stm32u5xx_hal_msp.c **** /* USER CODE BEGIN PFP */
  50:Core/Src/stm32u5xx_hal_msp.c **** 
  51:Core/Src/stm32u5xx_hal_msp.c **** /* USER CODE END PFP */
  52:Core/Src/stm32u5xx_hal_msp.c **** 
  53:Core/Src/stm32u5xx_hal_msp.c **** /* External functions --------------------------------------------------------*/
  54:Core/Src/stm32u5xx_hal_msp.c **** /* USER CODE BEGIN ExternalFunctions */
  55:Core/Src/stm32u5xx_hal_msp.c **** 
  56:Core/Src/stm32u5xx_hal_msp.c **** /* USER CODE END ExternalFunctions */
  57:Core/Src/stm32u5xx_hal_msp.c **** 
  58:Core/Src/stm32u5xx_hal_msp.c **** /* USER CODE BEGIN 0 */
  59:Core/Src/stm32u5xx_hal_msp.c **** 
  60:Core/Src/stm32u5xx_hal_msp.c **** /* USER CODE END 0 */
  61:Core/Src/stm32u5xx_hal_msp.c **** /**
  62:Core/Src/stm32u5xx_hal_msp.c ****   * Initializes the Global MSP.
  63:Core/Src/stm32u5xx_hal_msp.c ****   */
  64:Core/Src/stm32u5xx_hal_msp.c **** void HAL_MspInit(void)
  65:Core/Src/stm32u5xx_hal_msp.c **** {
  30              		.loc 1 65 1 view -0
  31              		.cfi_startproc
  32              		@ args = 0, pretend = 0, frame = 8
  33              		@ frame_needed = 0, uses_anonymous_args = 0
  34 0000 00B5     		push	{lr}
  35              	.LCFI0:
  36              		.cfi_def_cfa_offset 4
  37              		.cfi_offset 14, -4
  38 0002 83B0     		sub	sp, sp, #12
  39              	.LCFI1:
  40              		.cfi_def_cfa_offset 16
  66:Core/Src/stm32u5xx_hal_msp.c **** 
  67:Core/Src/stm32u5xx_hal_msp.c ****   /* USER CODE BEGIN MspInit 0 */
  68:Core/Src/stm32u5xx_hal_msp.c **** 
  69:Core/Src/stm32u5xx_hal_msp.c ****   /* USER CODE END MspInit 0 */
  70:Core/Src/stm32u5xx_hal_msp.c **** 
  71:Core/Src/stm32u5xx_hal_msp.c ****   __HAL_RCC_PWR_CLK_ENABLE();
  41              		.loc 1 71 3 view .LVU1
  42              	.LBB2:
  43              		.loc 1 71 3 view .LVU2
  44              		.loc 1 71 3 view .LVU3
ARM GAS  /tmp/ccSnZ2kA.s 			page 3


  45 0004 094B     		ldr	r3, .L3
  46 0006 D3F89420 		ldr	r2, [r3, #148]
  47 000a 42F00402 		orr	r2, r2, #4
  48 000e C3F89420 		str	r2, [r3, #148]
  49              		.loc 1 71 3 view .LVU4
  50 0012 D3F89430 		ldr	r3, [r3, #148]
  51 0016 03F00403 		and	r3, r3, #4
  52 001a 0193     		str	r3, [sp, #4]
  53              		.loc 1 71 3 view .LVU5
  54 001c 019B     		ldr	r3, [sp, #4]
  55              	.LBE2:
  56              		.loc 1 71 3 view .LVU6
  72:Core/Src/stm32u5xx_hal_msp.c **** 
  73:Core/Src/stm32u5xx_hal_msp.c ****   HAL_NVIC_SetPriorityGrouping(NVIC_PRIORITYGROUP_3);
  57              		.loc 1 73 3 view .LVU7
  58 001e 0420     		movs	r0, #4
  59 0020 FFF7FEFF 		bl	HAL_NVIC_SetPriorityGrouping
  60              	.LVL0:
  74:Core/Src/stm32u5xx_hal_msp.c **** 
  75:Core/Src/stm32u5xx_hal_msp.c ****   /* System interrupt init*/
  76:Core/Src/stm32u5xx_hal_msp.c **** 
  77:Core/Src/stm32u5xx_hal_msp.c ****   /* USER CODE BEGIN MspInit 1 */
  78:Core/Src/stm32u5xx_hal_msp.c **** 
  79:Core/Src/stm32u5xx_hal_msp.c ****   /* USER CODE END MspInit 1 */
  80:Core/Src/stm32u5xx_hal_msp.c **** }
  61              		.loc 1 80 1 is_stmt 0 view .LVU8
  62 0024 03B0     		add	sp, sp, #12
  63              	.LCFI2:
  64              		.cfi_def_cfa_offset 4
  65              		@ sp needed
  66 0026 5DF804FB 		ldr	pc, [sp], #4
  67              	.L4:
  68 002a 00BF     		.align	2
  69              	.L3:
  70 002c 000C0246 		.word	1174539264
  71              		.cfi_endproc
  72              	.LFE157:
  74              		.text
  75              	.Letext0:
  76              		.file 2 "/opt/st/stm32cubeide_1.16.0/plugins/com.st.stm32cube.ide.mcu.externaltools.gnu-tools-for-
  77              		.file 3 "/opt/st/stm32cubeide_1.16.0/plugins/com.st.stm32cube.ide.mcu.externaltools.gnu-tools-for-
  78              		.file 4 "Drivers/CMSIS/Device/ST/STM32U5xx/Include/stm32u575xx.h"
  79              		.file 5 "Drivers/STM32U5xx_HAL_Driver/Inc/stm32u5xx_hal_cortex.h"
ARM GAS  /tmp/ccSnZ2kA.s 			page 4


DEFINED SYMBOLS
                            *ABS*:00000000 stm32u5xx_hal_msp.c
     /tmp/ccSnZ2kA.s:22     .text.HAL_MspInit:00000000 $t
     /tmp/ccSnZ2kA.s:28     .text.HAL_MspInit:00000000 HAL_MspInit
     /tmp/ccSnZ2kA.s:70     .text.HAL_MspInit:0000002c $d

UNDEFINED SYMBOLS
HAL_NVIC_SetPriorityGrouping
