ARM GAS  /tmp/ccY7n1cZ.s 			page 1


   1              		.cpu cortex-m33
   2              		.arch armv8-m.main
   3              		.fpu fpv4-sp-d16
   4              		.arch_extension dsp
   5              		.eabi_attribute 27, 1
   6              		.eabi_attribute 28, 1
   7              		.eabi_attribute 20, 1
   8              		.eabi_attribute 21, 1
   9              		.eabi_attribute 23, 3
  10              		.eabi_attribute 24, 1
  11              		.eabi_attribute 25, 1
  12              		.eabi_attribute 26, 1
  13              		.eabi_attribute 30, 1
  14              		.eabi_attribute 34, 1
  15              		.eabi_attribute 18, 4
  16              		.file	"stm32u5xx_hal_i2c.c"
  17              		.text
  18              	.Ltext0:
  19              		.cfi_sections	.debug_frame
  20              		.file 1 "Drivers/STM32U5xx_HAL_Driver/Src/stm32u5xx_hal_i2c.c"
  21              	.Letext0:
ARM GAS  /tmp/ccY7n1cZ.s 			page 2


DEFINED SYMBOLS
                            *ABS*:00000000 stm32u5xx_hal_i2c.c

NO UNDEFINED SYMBOLS
